Arguments: 
  /home/padre/.nvm/versions/node/v11.14.0/bin/node /home/padre/.nvm/versions/node/v11.14.0/bin/yarn init

PATH: 
  /home/padre/.nvm/versions/node/v11.14.0/bin:/home/padre/.rvm/gems/ruby-2.5.5/bin:/home/padre/.rvm/gems/ruby-2.5.5@global/bin:/home/padre/.rvm/rubies/ruby-2.5.5/bin:/usr/local/sbin:/usr/local/bin:/usr/sbin:/usr/bin:/sbin:/bin:/usr/games:/usr/local/games:/snap/bin:/home/padre/.dotnet/tools:/home/padre/.rvm/bin:/usr/lib/dart/bin:/home/padre/.rvm/bin:/home/padre/.rvm/bin:/home/padre/.rvm/bin

Yarn version: 
  1.15.2

Node version: 
  11.14.0

Platform: 
  linux x64

Trace: 
  Error: canceled
      at Interface.<anonymous> (/home/padre/.nvm/versions/node/v11.14.0/lib/node_modules/yarn/lib/cli.js:125801:13)
      at Interface.emit (events.js:193:13)
      at Interface._ttyWrite (readline.js:826:16)
      at ReadStream.onkeypress (readline.js:183:10)
      at ReadStream.emit (events.js:193:13)
      at emitKeys (internal/readline.js:424:14)
      at emitKeys.next (<anonymous>)
      at ReadStream.onData (readline.js:1097:36)
      at ReadStream.emit (events.js:193:13)
      at addChunk (_stream_readable.js:295:12)

npm manifest: 
  No manifest

yarn manifest: 
  No manifest

Lockfile: 
  No lockfile
